0 info it worked if it ends with ok
1 verbose cli [ 'C:\\Program Files\\nodejs\\node.exe',
1 verbose cli   'C:\\Program Files\\nodejs\\node_modules\\npm\\bin\\npm-cli.js',
1 verbose cli   'run',
1 verbose cli   'dev' ]
2 info using npm@3.10.8
3 info using node@v6.8.1
4 verbose run-script [ 'predev', 'dev', 'postdev' ]
5 info lifecycle vue-example-login.@0.1.0~predev: vue-example-login.@0.1.0
6 silly lifecycle vue-example-login.@0.1.0~predev: no script for predev, continuing
7 info lifecycle vue-example-login.@0.1.0~dev: vue-example-login.@0.1.0
8 verbose lifecycle vue-example-login.@0.1.0~dev: unsafe-perm in lifecycle true
9 verbose lifecycle vue-example-login.@0.1.0~dev: PATH: D:\dev\nvm\v6.8.1\node_modules\npm\bin\node-gyp-bin;C:\Users\DELL\Desktop\vue-cli案例\node_modules\.bin;C:\Program Files (x86)\Ruby23-x64\bin;C:\Windows\system32;C:\Windows;C:\Windows\System32\Wbem;C:\Windows\System32\WindowsPowerShell\v1.0\;D:\MySQL\MySQL Server 5.5\bin;D:\dev\nvm;C:\Program Files\nodejs;D:\MySQL\MySQL Server 5.5\bin;D:\jdk-开发工具\bin;D:\jdk-开发工具\jre\bin;D:\SVN\bin;D:\xampps\perl\bin\;D:\dev\nodejs;D:\Git\cmd;D:\Git\bin;C:\Windows\system32;D:\dev\nodejs\6.8.1;C:\Windows;C:\Windows\System32\Wbem;C:\Windows\System32\WindowsPowerShell\v1.0\;D:\dev\nvm;D:\dev\nvm;C:\Program Files\nodejs;C:\Users\DELL\AppData\Roaming\npm
10 verbose lifecycle vue-example-login.@0.1.0~dev: CWD: C:\Users\DELL\Desktop\vue-cli案例
11 silly lifecycle vue-example-login.@0.1.0~dev: Args: [ '/d /s /c',
11 silly lifecycle   'cross-env NODE_ENV=development webpack-dev-server --open --inline --hot' ]
12 silly lifecycle vue-example-login.@0.1.0~dev: Returned: code: 3221225786  signal: null
13 info lifecycle vue-example-login.@0.1.0~dev: Failed to exec dev script
14 verbose stack Error: vue-example-login.@0.1.0 dev: `cross-env NODE_ENV=development webpack-dev-server --open --inline --hot`
14 verbose stack Exit status 3221225786
14 verbose stack     at EventEmitter.<anonymous> (D:\dev\nvm\v6.8.1\node_modules\npm\lib\utils\lifecycle.js:255:16)
14 verbose stack     at emitTwo (events.js:106:13)
14 verbose stack     at EventEmitter.emit (events.js:191:7)
14 verbose stack     at ChildProcess.<anonymous> (D:\dev\nvm\v6.8.1\node_modules\npm\lib\utils\spawn.js:40:14)
14 verbose stack     at emitTwo (events.js:106:13)
14 verbose stack     at ChildProcess.emit (events.js:191:7)
14 verbose stack     at maybeClose (internal/child_process.js:877:16)
14 verbose stack     at Process.ChildProcess._handle.onexit (internal/child_process.js:226:5)
15 verbose pkgid vue-example-login.@0.1.0
16 verbose cwd C:\Users\DELL\Desktop\vue-cli案例
17 error Windows_NT 6.1.7601
18 error argv "C:\\Program Files\\nodejs\\node.exe" "C:\\Program Files\\nodejs\\node_modules\\npm\\bin\\npm-cli.js" "run" "dev"
19 error node v6.8.1
20 error npm  v3.10.8
21 error code ELIFECYCLE
22 error vue-example-login.@0.1.0 dev: `cross-env NODE_ENV=development webpack-dev-server --open --inline --hot`
22 error Exit status 3221225786
23 error Failed at the vue-example-login.@0.1.0 dev script 'cross-env NODE_ENV=development webpack-dev-server --open --inline --hot'.
23 error Make sure you have the latest version of node.js and npm installed.
23 error If you do, this is most likely a problem with the vue-example-login. package,
23 error not with npm itself.
23 error Tell the author that this fails on your system:
23 error     cross-env NODE_ENV=development webpack-dev-server --open --inline --hot
23 error You can get information on how to open an issue for this project with:
23 error     npm bugs vue-example-login.
23 error Or if that isn't available, you can get their info via:
23 error     npm owner ls vue-example-login.
23 error There is likely additional logging output above.
24 verbose exit [ 1, true ]
